{"C:\\Users\\jinks\\Desktop\\Lnode.js\\learn-node\\03\\test.js":{"path":"C:\\Users\\jinks\\Desktop\\Lnode.js\\learn-node\\03\\test.js","s":{"1":1,"2":1,"3":1,"4":1,"5":1,"6":1,"7":1,"8":1},"b":{},"f":{"1":1,"2":1,"3":1,"4":1},"fnMap":{"1":{"name":"(anonymous_1)","line":4,"loc":{"start":{"line":4,"column":21},"end":{"line":4,"column":33}}},"2":{"name":"(anonymous_2)","line":5,"loc":{"start":{"line":5,"column":36},"end":{"line":5,"column":48}}},"3":{"name":"(anonymous_3)","line":8,"loc":{"start":{"line":8,"column":32},"end":{"line":8,"column":44}}},"4":{"name":"(anonymous_4)","line":9,"loc":{"start":{"line":9,"column":3},"end":{"line":9,"column":15}}}},"statementMap":{"1":{"start":{"line":1,"column":0},"end":{"line":1,"column":29}},"2":{"start":{"line":2,"column":0},"end":{"line":2,"column":31}},"3":{"start":{"line":4,"column":0},"end":{"line":13,"column":3}},"4":{"start":{"line":5,"column":1},"end":{"line":7,"column":4}},"5":{"start":{"line":6,"column":2},"end":{"line":6,"column":38}},"6":{"start":{"line":8,"column":1},"end":{"line":12,"column":4}},"7":{"start":{"line":9,"column":2},"end":{"line":11,"column":36}},"8":{"start":{"line":10,"column":3},"end":{"line":10,"column":22}}},"branchMap":{}},"C:\\Users\\jinks\\Desktop\\Lnode.js\\learn-node\\03\\main.js":{"path":"C:\\Users\\jinks\\Desktop\\Lnode.js\\learn-node\\03\\main.js","s":{"1":1,"2":178,"3":34,"4":144,"5":55,"6":89,"7":1,"8":88,"9":1,"10":0,"11":0,"12":1},"b":{"1":[34,144],"2":[55,89],"3":[1,88],"4":[0,1]},"f":{"1":178},"fnMap":{"1":{"name":"(anonymous_1)","line":1,"loc":{"start":{"line":1,"column":16},"end":{"line":1,"column":29}}}},"statementMap":{"1":{"start":{"line":1,"column":0},"end":{"line":12,"column":2}},"2":{"start":{"line":2,"column":1},"end":{"line":4,"column":2}},"3":{"start":{"line":3,"column":2},"end":{"line":3,"column":11}},"4":{"start":{"line":5,"column":1},"end":{"line":7,"column":2}},"5":{"start":{"line":6,"column":2},"end":{"line":6,"column":11}},"6":{"start":{"line":8,"column":1},"end":{"line":10,"column":2}},"7":{"start":{"line":9,"column":5},"end":{"line":9,"column":39}},"8":{"start":{"line":11,"column":1},"end":{"line":11,"column":40}},"9":{"start":{"line":15,"column":0},"end":{"line":18,"column":1}},"10":{"start":{"line":16,"column":1},"end":{"line":16,"column":33}},"11":{"start":{"line":17,"column":1},"end":{"line":17,"column":54}},"12":{"start":{"line":20,"column":0},"end":{"line":20,"column":30}}},"branchMap":{"1":{"line":2,"type":"if","locations":[{"start":{"line":2,"column":1},"end":{"line":2,"column":1}},{"start":{"line":2,"column":1},"end":{"line":2,"column":1}}]},"2":{"line":5,"type":"if","locations":[{"start":{"line":5,"column":1},"end":{"line":5,"column":1}},{"start":{"line":5,"column":1},"end":{"line":5,"column":1}}]},"3":{"line":8,"type":"if","locations":[{"start":{"line":8,"column":1},"end":{"line":8,"column":1}},{"start":{"line":8,"column":1},"end":{"line":8,"column":1}}]},"4":{"line":15,"type":"if","locations":[{"start":{"line":15,"column":0},"end":{"line":15,"column":0}},{"start":{"line":15,"column":0},"end":{"line":15,"column":0}}]}}}}