TN:
SF:C:\Users\jinks\Desktop\Lnode.js\learn-node\03\test.js
FN:4,(anonymous_1)
FN:5,(anonymous_2)
FN:8,(anonymous_3)
FN:9,(anonymous_4)
FNF:4
FNH:4
FNDA:1,(anonymous_1)
FNDA:1,(anonymous_2)
FNDA:1,(anonymous_3)
FNDA:1,(anonymous_4)
DA:1,1
DA:2,1
DA:4,1
DA:5,1
DA:6,1
DA:8,1
DA:9,1
DA:10,1
LF:8
LH:8
BRF:0
BRH:0
end_of_record
TN:
SF:C:\Users\jinks\Desktop\Lnode.js\learn-node\03\main.js
FN:1,(anonymous_1)
FNF:1
FNH:1
FNDA:178,(anonymous_1)
DA:1,1
DA:2,178
DA:3,34
DA:5,144
DA:6,55
DA:8,89
DA:9,1
DA:11,88
DA:15,1
DA:16,0
DA:17,0
DA:20,1
LF:12
LH:10
BRDA:2,1,0,34
BRDA:2,1,1,144
BRDA:5,2,0,55
BRDA:5,2,1,89
BRDA:8,3,0,1
BRDA:8,3,1,88
BRDA:15,4,0,0
BRDA:15,4,1,1
BRF:8
BRH:7
end_of_record
